2019-04-23 11:01:53.127 [main] INFO  com.example.demo.start.StartApplication - Starting StartApplication on czlpc with PID 15460 (C:\test\springboot\start\target\classes started by czl in C:\test\springboot)
2019-04-23 11:01:53.150 [main] INFO  com.example.demo.start.StartApplication - No active profile set, falling back to default profiles: default
2019-04-23 11:01:55.271 [main] INFO  org.springframework.data.repository.config.RepositoryConfigurationDelegate - Multiple Spring Data modules found, entering strict repository configuration mode!
2019-04-23 11:01:55.278 [main] INFO  org.springframework.data.repository.config.RepositoryConfigurationDelegate - Bootstrapping Spring Data repositories in DEFAULT mode.
2019-04-23 11:01:55.354 [main] INFO  org.springframework.data.repository.config.RepositoryConfigurationDelegate - Finished Spring Data repository scanning in 35ms. Found 0 repository interfaces.
2019-04-23 11:01:56.108 [main] INFO  org.springframework.context.support.PostProcessorRegistrationDelegate$BeanPostProcessorChecker - Bean 'org.springframework.transaction.annotation.ProxyTransactionManagementConfiguration' of type [org.springframework.transaction.annotation.ProxyTransactionManagementConfiguration$$EnhancerBySpringCGLIB$$86d7425a] is not eligible for getting processed by all BeanPostProcessors (for example: not eligible for auto-proxying)
2019-04-23 11:01:57.357 [main] INFO  org.springframework.boot.web.embedded.tomcat.TomcatWebServer - Tomcat initialized with port(s): 8080 (http)
2019-04-23 11:01:57.389 [main] INFO  org.apache.coyote.http11.Http11NioProtocol - Initializing ProtocolHandler ["http-nio-8080"]
2019-04-23 11:01:57.408 [main] INFO  org.apache.catalina.core.StandardService - Starting service [Tomcat]
2019-04-23 11:01:57.408 [main] INFO  org.apache.catalina.core.StandardEngine - Starting Servlet engine: [Apache Tomcat/9.0.17]
2019-04-23 11:01:57.953 [main] INFO  org.apache.catalina.core.ContainerBase.[Tomcat].[localhost].[/] - Initializing Spring embedded WebApplicationContext
2019-04-23 11:01:57.953 [main] INFO  org.springframework.web.context.ContextLoader - Root WebApplicationContext: initialization completed in 4660 ms
2019-04-23 11:01:59.950 [main] INFO  org.springframework.scheduling.concurrent.ThreadPoolTaskExecutor - Initializing ExecutorService 'applicationTaskExecutor'
2019-04-23 11:02:00.777 [main] INFO  org.apache.coyote.http11.Http11NioProtocol - Starting ProtocolHandler ["http-nio-8080"]
2019-04-23 11:02:00.842 [main] INFO  org.springframework.boot.web.embedded.tomcat.TomcatWebServer - Tomcat started on port(s): 8080 (http) with context path ''
2019-04-23 11:02:00.847 [main] INFO  com.example.demo.start.StartApplication - Started StartApplication in 8.679 seconds (JVM running for 12.637)
2019-04-23 11:06:32.293 [http-nio-8080-exec-1] INFO  org.apache.catalina.core.ContainerBase.[Tomcat].[localhost].[/] - Initializing Spring DispatcherServlet 'dispatcherServlet'
2019-04-23 11:06:32.293 [http-nio-8080-exec-1] INFO  org.springframework.web.servlet.DispatcherServlet - Initializing Servlet 'dispatcherServlet'
2019-04-23 11:06:32.305 [http-nio-8080-exec-1] INFO  org.springframework.web.servlet.DispatcherServlet - Completed initialization in 12 ms
2019-04-23 11:06:38.671 [http-nio-8080-exec-4] INFO  com.example.demo.common.aop.ControllerAspect - 方法名:GetGoodListByRedis 参数列表:name:苹果;
2019-04-23 11:06:39.011 [http-nio-8080-exec-4] INFO  io.lettuce.core.EpollProvider - Starting without optional epoll library
2019-04-23 11:06:39.017 [http-nio-8080-exec-4] INFO  io.lettuce.core.KqueueProvider - Starting without optional kqueue library
2019-04-23 11:06:40.739 [http-nio-8080-exec-4] INFO  com.zaxxer.hikari.HikariDataSource - HikariPool-1 - Starting...
2019-04-23 11:06:42.019 [http-nio-8080-exec-4] INFO  com.zaxxer.hikari.HikariDataSource - HikariPool-1 - Start completed.
2019-04-23 11:06:47.797 [http-nio-8080-exec-2] INFO  com.example.demo.common.aop.ControllerAspect - 方法名:GetGoodListByRedis 参数列表:name:苹果;
2019-04-23 11:07:03.910 [main] INFO  com.example.demo.start.StartApplication - Starting StartApplication on czlpc with PID 8992 (C:\test\springboot\start\target\classes started by czl in C:\test\springboot)
2019-04-23 11:07:03.919 [main] INFO  com.example.demo.start.StartApplication - No active profile set, falling back to default profiles: default
2019-04-23 11:07:06.052 [main] INFO  org.springframework.data.repository.config.RepositoryConfigurationDelegate - Multiple Spring Data modules found, entering strict repository configuration mode!
2019-04-23 11:07:06.061 [main] INFO  org.springframework.data.repository.config.RepositoryConfigurationDelegate - Bootstrapping Spring Data repositories in DEFAULT mode.
2019-04-23 11:07:06.140 [main] INFO  org.springframework.data.repository.config.RepositoryConfigurationDelegate - Finished Spring Data repository scanning in 36ms. Found 0 repository interfaces.
2019-04-23 11:07:06.896 [main] INFO  org.springframework.context.support.PostProcessorRegistrationDelegate$BeanPostProcessorChecker - Bean 'org.springframework.transaction.annotation.ProxyTransactionManagementConfiguration' of type [org.springframework.transaction.annotation.ProxyTransactionManagementConfiguration$$EnhancerBySpringCGLIB$$e341d627] is not eligible for getting processed by all BeanPostProcessors (for example: not eligible for auto-proxying)
2019-04-23 11:07:08.206 [main] INFO  org.springframework.boot.web.embedded.tomcat.TomcatWebServer - Tomcat initialized with port(s): 8080 (http)
2019-04-23 11:07:08.241 [main] INFO  org.apache.coyote.http11.Http11NioProtocol - Initializing ProtocolHandler ["http-nio-8080"]
2019-04-23 11:07:08.262 [main] INFO  org.apache.catalina.core.StandardService - Starting service [Tomcat]
2019-04-23 11:07:08.262 [main] INFO  org.apache.catalina.core.StandardEngine - Starting Servlet engine: [Apache Tomcat/9.0.17]
2019-04-23 11:07:08.814 [main] INFO  org.apache.catalina.core.ContainerBase.[Tomcat].[localhost].[/] - Initializing Spring embedded WebApplicationContext
2019-04-23 11:07:08.814 [main] INFO  org.springframework.web.context.ContextLoader - Root WebApplicationContext: initialization completed in 4750 ms
2019-04-23 11:07:10.825 [main] INFO  org.springframework.scheduling.concurrent.ThreadPoolTaskExecutor - Initializing ExecutorService 'applicationTaskExecutor'
2019-04-23 11:07:11.654 [main] INFO  org.apache.coyote.http11.Http11NioProtocol - Starting ProtocolHandler ["http-nio-8080"]
2019-04-23 11:07:11.721 [main] INFO  org.springframework.boot.web.embedded.tomcat.TomcatWebServer - Tomcat started on port(s): 8080 (http) with context path ''
2019-04-23 11:07:11.726 [main] INFO  com.example.demo.start.StartApplication - Started StartApplication in 8.795 seconds (JVM running for 12.848)
2019-04-23 11:07:16.003 [http-nio-8080-exec-2] INFO  org.apache.catalina.core.ContainerBase.[Tomcat].[localhost].[/] - Initializing Spring DispatcherServlet 'dispatcherServlet'
2019-04-23 11:07:16.003 [http-nio-8080-exec-2] INFO  org.springframework.web.servlet.DispatcherServlet - Initializing Servlet 'dispatcherServlet'
2019-04-23 11:07:16.018 [http-nio-8080-exec-2] INFO  org.springframework.web.servlet.DispatcherServlet - Completed initialization in 15 ms
2019-04-23 11:07:16.090 [http-nio-8080-exec-2] INFO  com.example.demo.common.aop.ControllerAspect - 方法名:GetGoodListByRedis 参数列表:name:苹果;
2019-04-23 11:07:16.397 [http-nio-8080-exec-2] INFO  io.lettuce.core.EpollProvider - Starting without optional epoll library
2019-04-23 11:07:16.403 [http-nio-8080-exec-2] INFO  io.lettuce.core.KqueueProvider - Starting without optional kqueue library
2019-04-23 11:07:28.790 [http-nio-8080-exec-1] INFO  com.example.demo.common.aop.ControllerAspect - 方法名:GetGoodListByRedis 参数列表:name:香蕉;
2019-04-23 11:07:35.156 [http-nio-8080-exec-1] INFO  com.zaxxer.hikari.HikariDataSource - HikariPool-1 - Starting...
2019-04-23 11:07:36.394 [http-nio-8080-exec-1] INFO  com.zaxxer.hikari.HikariDataSource - HikariPool-1 - Start completed.
2019-04-23 11:07:41.454 [http-nio-8080-exec-5] INFO  com.example.demo.common.aop.ControllerAspect - 方法名:GetGoodListByRedis 参数列表:name:香蕉;
